#
# There is insufficient memory for the Java Runtime Environment to continue.
# Native memory allocation (malloc) failed to allocate 1233808 bytes for Chunk::new
# Possible reasons:
#   The system is out of physical RAM or swap space
#   In 32 bit mode, the process size limit was hit
# Possible solutions:
#   Reduce memory load on the system
#   Increase physical memory or swap space
#   Check if swap backing store is full
#   Use 64 bit Java on a 64 bit OS
#   Decrease Java heap size (-Xmx/-Xms)
#   Decrease number of Java threads
#   Decrease Java thread stack sizes (-Xss)
#   Set larger code cache with -XX:ReservedCodeCacheSize=
# This output file may be truncated or incomplete.
#
#  Out of Memory Error (allocation.cpp:390), pid=22928, tid=0x0000000000004580
#
# JRE version: Java(TM) SE Runtime Environment (8.0_111-b14) (build 1.8.0_111-b14)
# Java VM: Java HotSpot(TM) 64-Bit Server VM (25.111-b14 mixed mode windows-amd64 compressed oops)
# Failed to write core dump. Minidumps are not enabled by default on client versions of Windows
#

---------------  T H R E A D  ---------------

Current thread (0x0000000015dc2800):  JavaThread "C2 CompilerThread0" daemon [_thread_in_native, id=17792, stack(0x0000000016fc0000,0x00000000170c0000)]

Stack: [0x0000000016fc0000,0x00000000170c0000]
[error occurred during error reporting (printing stack bounds), id 0xc0000005]

Native frames: (J=compiled Java code, j=interpreted, Vv=VM code, C=native code)


Current CompileTask:
C2:   4060 1233       4       com.sun.tools.javac.parser.JavacParser::term3 (2502 bytes)


---------------  P R O C E S S  ---------------

Java Threads: ( => current thread )
  0x0000000015e17000 JavaThread "Service Thread" daemon [_thread_blocked, id=11840, stack(0x00000000172a0000,0x00000000173a0000)]
  0x0000000015dc8800 JavaThread "C1 CompilerThread1" daemon [_thread_blocked, id=22128, stack(0x0000000017130000,0x0000000017230000)]
=>0x0000000015dc2800 JavaThread "C2 CompilerThread0" daemon [_thread_in_native, id=17792, stack(0x0000000016fc0000,0x00000000170c0000)]
  0x0000000015dbc000 JavaThread "Attach Listener" daemon [_thread_blocked, id=25008, stack(0x0000000016da0000,0x0000000016ea0000)]
  0x0000000015db5800 JavaThread "Signal Dispatcher" daemon [_thread_blocked, id=20968, stack(0x0000000016ae0000,0x0000000016be0000)]
  0x0000000015d9e000 JavaThread "Finalizer" daemon [_thread_blocked, id=17552, stack(0x0000000016be0000,0x0000000016ce0000)]
  0x0000000015d55000 JavaThread "Reference Handler" daemon [_thread_blocked, id=13556, stack(0x0000000016960000,0x0000000016a60000)]
  0x00000000021ff800 JavaThread "main" [_thread_in_native, id=18684, stack(0x00000000023e0000,0x00000000024e0000)]

Other Threads:
  0x0000000015d4d000 VMThread [stack: 0x0000000016750000,0x0000000016850000] [id=12400]
  0x00000000173f0000 WatcherThread [stack: 0x0000000016ec0000,0x0000000016fc0000] [id=17472]

VM state:not at safepoint (normal execution)

VM Mutex/Monitor currently owned by a thread: None

Heap:
 PSYoungGen      total 28672K, used 23892K [0x00000000e0000000, 0x00000000e3800000, 0x0000000100000000)
  eden space 24576K, 80% used [0x00000000e0000000,0x00000000e135c038,0x00000000e1800000)
  from space 4096K, 99% used [0x00000000e1800000,0x00000000e1bf91e8,0x00000000e1c00000)
  to   space 4096K, 0% used [0x00000000e3400000,0x00000000e3400000,0x00000000e3800000)
 ParOldGen       total 65536K, used 13817K [0x00000000a0000000, 0x00000000a4000000, 0x00000000e0000000)
  object space 65536K, 21% used [0x00000000a0000000,0x00000000a0d7e748,0x00000000a4000000)
 Metaspace       used 11337K, capacity 11516K, committed 11648K, reserved 1058816K
  class space    used 1296K, capacity 1339K, committed 1408K, reserved 1048576K

Card table byte_map: [0x00000000118a0000,0x0000000011bb0000] byte_map_base: 0x00000000113a0000

Marking Bits: (ParMarkBitMap*) 0x0000000066a8a6c0
 Begin Bits: [0x0000000012120000, 0x0000000013920000)
 End Bits:   [0x0000000013920000, 0x0000000015120000)

Polling page: 0x0000000001fc0000

CodeCache: size=245760Kb used=5036Kb max_used=5036Kb free=240723Kb
 bounds [0x00000000024e0000, 0x00000000029d0000, 0x00000000114e0000]
 total_blobs=1575 nmethods=1250 adapters=238
 compilation: enabled

Compilation events (10 events):
Event: 4.011 Thread 0x0000000015dc8800 1277       2       com.sun.tools.javac.parser.JavacParser::annotationFieldValues (78 bytes)
Event: 4.012 Thread 0x0000000015dc8800 nmethod 1277 0x00000000029cb350 code [0x00000000029cb520, 0x00000000029cb938]
Event: 4.029 Thread 0x0000000015dc8800 1278       2       java.lang.String::codePointAt (36 bytes)
Event: 4.030 Thread 0x0000000015dc8800 nmethod 1278 0x00000000029cbc50 code [0x00000000029cbdc0, 0x00000000029cbff8]
Event: 4.030 Thread 0x0000000015dc8800 1279       2       java.util.regex.Pattern::next (33 bytes)
Event: 4.030 Thread 0x0000000015dc8800 nmethod 1279 0x00000000029cc150 code [0x00000000029cc2c0, 0x00000000029cc488]
Event: 4.031 Thread 0x0000000015dc8800 1280       2       com.sun.tools.javac.util.SharedNameTable::fromChars (187 bytes)
Event: 4.032 Thread 0x0000000015dc8800 nmethod 1280 0x00000000029cc590 code [0x00000000029cc740, 0x00000000029ccd98]
Event: 4.041 Thread 0x0000000015dc8800 1281       2       com.sun.tools.javac.tree.JCTree$JCExpressionStatement::getTag (4 bytes)
Event: 4.041 Thread 0x0000000015dc8800 nmethod 1281 0x00000000029cd290 code [0x00000000029cd3e0, 0x00000000029cd530]

GC Heap History (6 events):
Event: 2.627 GC heap before
{Heap before GC invocations=1 (full 0):
 PSYoungGen      total 28672K, used 24576K [0x00000000e0000000, 0x00000000e2000000, 0x0000000100000000)
  eden space 24576K, 100% used [0x00000000e0000000,0x00000000e1800000,0x00000000e1800000)
  from space 4096K, 0% used [0x00000000e1c00000,0x00000000e1c00000,0x00000000e2000000)
  to   space 4096K, 0% used [0x00000000e1800000,0x00000000e1800000,0x00000000e1c00000)
 ParOldGen       total 65536K, used 0K [0x00000000a0000000, 0x00000000a4000000, 0x00000000e0000000)
  object space 65536K, 0% used [0x00000000a0000000,0x00000000a0000000,0x00000000a4000000)
 Metaspace       used 7930K, capacity 8156K, committed 8448K, reserved 1056768K
  class space    used 874K, capacity 923K, committed 1024K, reserved 1048576K
Event: 2.640 GC heap after
Heap after GC invocations=1 (full 0):
 PSYoungGen      total 28672K, used 4073K [0x00000000e0000000, 0x00000000e2000000, 0x0000000100000000)
  eden space 24576K, 0% used [0x00000000e0000000,0x00000000e0000000,0x00000000e1800000)
  from space 4096K, 99% used [0x00000000e1800000,0x00000000e1bfa5c0,0x00000000e1c00000)
  to   space 4096K, 0% used [0x00000000e1c00000,0x00000000e1c00000,0x00000000e2000000)
 ParOldGen       total 65536K, used 120K [0x00000000a0000000, 0x00000000a4000000, 0x00000000e0000000)
  object space 65536K, 0% used [0x00000000a0000000,0x00000000a001e010,0x00000000a4000000)
 Metaspace       used 7930K, capacity 8156K, committed 8448K, reserved 1056768K
  class space    used 874K, capacity 923K, committed 1024K, reserved 1048576K
}
Event: 3.572 GC heap before
{Heap before GC invocations=2 (full 0):
 PSYoungGen      total 28672K, used 28649K [0x00000000e0000000, 0x00000000e2000000, 0x0000000100000000)
  eden space 24576K, 100% used [0x00000000e0000000,0x00000000e1800000,0x00000000e1800000)
  from space 4096K, 99% used [0x00000000e1800000,0x00000000e1bfa5c0,0x00000000e1c00000)
  to   space 4096K, 0% used [0x00000000e1c00000,0x00000000e1c00000,0x00000000e2000000)
 ParOldGen       total 65536K, used 120K [0x00000000a0000000, 0x00000000a4000000, 0x00000000e0000000)
  object space 65536K, 0% used [0x00000000a0000000,0x00000000a001e010,0x00000000a4000000)
 Metaspace       used 11256K, capacity 11452K, committed 11648K, reserved 1058816K
  class space    used 1294K, capacity 1339K, committed 1408K, reserved 1048576K
Event: 3.592 GC heap after
Heap after GC invocations=2 (full 0):
 PSYoungGen      total 28672K, used 4082K [0x00000000e0000000, 0x00000000e3800000, 0x0000000100000000)
  eden space 24576K, 0% used [0x00000000e0000000,0x00000000e0000000,0x00000000e1800000)
  from space 4096K, 99% used [0x00000000e1c00000,0x00000000e1ffc9b8,0x00000000e2000000)
  to   space 4096K, 0% used [0x00000000e1800000,0x00000000e1800000,0x00000000e1c00000)
 ParOldGen       total 65536K, used 1998K [0x00000000a0000000, 0x00000000a4000000, 0x00000000e0000000)
  object space 65536K, 3% used [0x00000000a0000000,0x00000000a01f3a30,0x00000000a4000000)
 Metaspace       used 11256K, capacity 11452K, committed 11648K, reserved 1058816K
  class space    used 1294K, capacity 1339K, committed 1408K, reserved 1048576K
}
Event: 3.838 GC heap before
{Heap before GC invocations=3 (full 0):
 PSYoungGen      total 28672K, used 28658K [0x00000000e0000000, 0x00000000e3800000, 0x0000000100000000)
  eden space 24576K, 100% used [0x00000000e0000000,0x00000000e1800000,0x00000000e1800000)
  from space 4096K, 99% used [0x00000000e1c00000,0x00000000e1ffc9b8,0x00000000e2000000)
  to   space 4096K, 0% used [0x00000000e1800000,0x00000000e1800000,0x00000000e1c00000)
 ParOldGen       total 65536K, used 1998K [0x00000000a0000000, 0x00000000a4000000, 0x00000000e0000000)
  object space 65536K, 3% used [0x00000000a0000000,0x00000000a01f3a30,0x00000000a4000000)
 Metaspace       used 11327K, capacity 11516K, committed 11648K, reserved 1058816K
  class space    used 1296K, capacity 1339K, committed 1408K, reserved 1048576K
Event: 3.878 GC heap after
Heap after GC invocations=3 (full 0):
 PSYoungGen      total 28672K, used 4068K [0x00000000e0000000, 0x00000000e3800000, 0x0000000100000000)
  eden space 24576K, 0% used [0x00000000e0000000,0x00000000e0000000,0x00000000e1800000)
  from space 4096K, 99% used [0x00000000e1800000,0x00000000e1bf91e8,0x00000000e1c00000)
  to   space 4096K, 0% used [0x00000000e3400000,0x00000000e3400000,0x00000000e3800000)
 ParOldGen       total 65536K, used 13817K [0x00000000a0000000, 0x00000000a4000000, 0x00000000e0000000)
  object space 65536K, 21% used [0x00000000a0000000,0x00000000a0d7e748,0x00000000a4000000)
 Metaspace       used 11327K, capacity 11516K, committed 11648K, reserved 1058816K
  class space    used 1296K, capacity 1339K, committed 1408K, reserved 1048576K
}

Deoptimization events (10 events):
Event: 3.345 Thread 0x00000000021ff800 Uncommon trap: reason=class_check action=maybe_recompile pc=0x000000000274ee14 method=java.util.Collections$UnmodifiableCollection$1.hasNext()Z @ 4
Event: 3.345 Thread 0x00000000021ff800 Uncommon trap: reason=class_check action=maybe_recompile pc=0x0000000002751194 method=java.util.Collections$UnmodifiableCollection$1.next()Ljava/lang/Object; @ 4
Event: 3.345 Thread 0x00000000021ff800 Uncommon trap: reason=class_check action=maybe_recompile pc=0x0000000002751194 method=java.util.Collections$UnmodifiableCollection$1.next()Ljava/lang/Object; @ 4
Event: 3.362 Thread 0x00000000021ff800 Uncommon trap: reason=class_check action=maybe_recompile pc=0x0000000002681c74 method=sun.misc.URLClassPath.getLoader(I)Lsun/misc/URLClassPath$Loader; @ 94
Event: 3.521 Thread 0x00000000021ff800 Uncommon trap: reason=unstable_if action=reinterpret pc=0x00000000028f7c48 method=com.sun.tools.javac.parser.UnicodeReader.scanChar()V @ 37
Event: 3.521 Thread 0x00000000021ff800 Uncommon trap: reason=unstable_if action=reinterpret pc=0x0000000002957164 method=com.sun.tools.javac.parser.JavaTokenizer.scanLitChar(I)V @ 9
Event: 3.523 Thread 0x00000000021ff800 Uncommon trap: reason=unstable_if action=reinterpret pc=0x00000000029209f0 method=com.sun.tools.javac.parser.UnicodeReader.scanChar()V @ 37
Event: 3.720 Thread 0x00000000021ff800 Uncommon trap: reason=unstable_if action=reinterpret pc=0x00000000029a9c90 method=com.sun.tools.javac.parser.UnicodeReader.scanChar()V @ 37
Event: 3.756 Thread 0x00000000021ff800 Uncommon trap: reason=unstable_if action=reinterpret pc=0x00000000029a172c method=com.sun.tools.javac.parser.JavaTokenizer.scanLitChar(I)V @ 21
Event: 4.031 Thread 0x00000000021ff800 Uncommon trap: reason=unstable_if action=reinterpret pc=0x00000000029bf6c8 method=com.sun.tools.javac.util.Name$Table.equals([BI[BII)Z @ 22

Internal exceptions (7 events):
Event: 0.256 Thread 0x00000000021ff800 Exception <a 'java/lang/NoSuchMethodError': Method sun.misc.Unsafe.defineClass(Ljava/lang/String;[BII)Ljava/lang/Class; name or signature does not match> (0x00000000e0007c78) thrown at [C:\re\workspace\8-2-build-windows-amd64-cygwin\jdk8u111\7883\hotspot\
Event: 0.256 Thread 0x00000000021ff800 Exception <a 'java/lang/NoSuchMethodError': Method sun.misc.Unsafe.prefetchRead(Ljava/lang/Object;J)V name or signature does not match> (0x00000000e0007f60) thrown at [C:\re\workspace\8-2-build-windows-amd64-cygwin\jdk8u111\7883\hotspot\src\share\vm\prims
Event: 0.584 Thread 0x00000000021ff800 Exception <a 'java/security/PrivilegedActionException'> (0x00000000e0127700) thrown at [C:\re\workspace\8-2-build-windows-amd64-cygwin\jdk8u111\7883\hotspot\src\share\vm\prims\jvm.cpp, line 1386]
Event: 0.584 Thread 0x00000000021ff800 Exception <a 'java/security/PrivilegedActionException'> (0x00000000e0127910) thrown at [C:\re\workspace\8-2-build-windows-amd64-cygwin\jdk8u111\7883\hotspot\src\share\vm\prims\jvm.cpp, line 1386]
Event: 0.585 Thread 0x00000000021ff800 Exception <a 'java/security/PrivilegedActionException'> (0x00000000e012b218) thrown at [C:\re\workspace\8-2-build-windows-amd64-cygwin\jdk8u111\7883\hotspot\src\share\vm\prims\jvm.cpp, line 1386]
Event: 0.585 Thread 0x00000000021ff800 Exception <a 'java/security/PrivilegedActionException'> (0x00000000e012b428) thrown at [C:\re\workspace\8-2-build-windows-amd64-cygwin\jdk8u111\7883\hotspot\src\share\vm\prims\jvm.cpp, line 1386]
Event: 1.658 Thread 0x00000000021ff800 Exception <a 'java/lang/ClassNotFoundException': org/apache/tools/ant/helper/DefaultExecutor> (0x00000000e0b692b0) thrown at [C:\re\workspace\8-2-build-windows-amd64-cygwin\jdk8u111\7883\hotspot\src\share\vm\classfile\systemDictionary.cpp, line 210]

Events (10 events):
Event: 3.720 Thread 0x00000000021ff800 DEOPT PACKING pc=0x00000000029a9c90 sp=0x00000000024dc1b0
Event: 3.720 Thread 0x00000000021ff800 DEOPT UNPACKING pc=0x000000000252582a sp=0x00000000024dc140 mode 2
Event: 3.756 Thread 0x00000000021ff800 Uncommon trap: trap_request=0xffffff65 fr.pc=0x00000000029a172c
Event: 3.756 Thread 0x00000000021ff800 DEOPT PACKING pc=0x00000000029a172c sp=0x00000000024dc120
Event: 3.756 Thread 0x00000000021ff800 DEOPT UNPACKING pc=0x000000000252582a sp=0x00000000024dc0b0 mode 2
Event: 3.838 Executing VM operation: ParallelGCFailedAllocation
Event: 3.878 Executing VM operation: ParallelGCFailedAllocation done
Event: 4.031 Thread 0x00000000021ff800 Uncommon trap: trap_request=0xffffff65 fr.pc=0x00000000029bf6c8
Event: 4.031 Thread 0x00000000021ff800 DEOPT PACKING pc=0x00000000029bf6c8 sp=0x00000000024dc920
Event: 4.031 Thread 0x00000000021ff800 DEOPT UNPACKING pc=0x000000000252582a sp=0x00000000024dc828 mode 2


Dynamic libraries:
0x000000013f690000 - 0x000000013f6c7000 	C:\JDK Files\jdk1.8.0_111\bin\java.exe
0x0000000076e00000 - 0x0000000076f9f000 	C:\windows\SYSTEM32\ntdll.dll
0x0000000076ce0000 - 0x0000000076dff000 	C:\windows\system32\kernel32.dll
0x000007fefd090000 - 0x000007fefd0fa000 	C:\windows\system32\KERNELBASE.dll
0x000007fefdb60000 - 0x000007fefdc3b000 	C:\windows\system32\ADVAPI32.dll
0x000007fefd560000 - 0x000007fefd5ff000 	C:\windows\system32\msvcrt.dll
0x000007fefdc40000 - 0x000007fefdc5f000 	C:\windows\SYSTEM32\sechost.dll
0x000007fefead0000 - 0x000007fefebfd000 	C:\windows\system32\RPCRT4.dll
0x0000000076be0000 - 0x0000000076cda000 	C:\windows\system32\USER32.dll
0x000007feff000000 - 0x000007feff067000 	C:\windows\system32\GDI32.dll
0x000007fefd730000 - 0x000007fefd73e000 	C:\windows\system32\LPK.dll
0x000007fefee80000 - 0x000007fefef4b000 	C:\windows\system32\USP10.dll
0x000007fefb1c0000 - 0x000007fefb3b4000 	C:\windows\WinSxS\amd64_microsoft.windows.common-controls_6595b64144ccf1df_6.0.7601.18837_none_fa3b1e3d17594757\COMCTL32.dll
0x000007fefef50000 - 0x000007fefefc1000 	C:\windows\system32\SHLWAPI.dll
0x000007fefefd0000 - 0x000007fefeffe000 	C:\windows\system32\IMM32.DLL
0x000007fefd9f0000 - 0x000007fefdaf9000 	C:\windows\system32\MSCTF.dll
0x000007fefcc90000 - 0x000007fefccec000 	c:\progra~1\citrix\system32\mfaphook64.dll
0x000007fefcbb0000 - 0x000007fefcbe2000 	C:\Program Files\Citrix\ICAService\picaFullScreenHookX64.dll
0x000007fefcb30000 - 0x000007fefcb66000 	C:\Program Files\Citrix\ICAService\ShellHook64.dll
0x000007fefd360000 - 0x000007fefd55d000 	C:\windows\system32\ole32.dll
0x000007fefdc60000 - 0x000007fefe9eb000 	C:\windows\system32\SHELL32.dll
0x000007fefc570000 - 0x000007fefc6e8000 	C:\Program Files\Citrix\ICAService\SCardHook64.dll
0x000007fefc4e0000 - 0x000007fefc50a000 	C:\Program Files\Citrix\ICAService\cxinjime64.dll
0x000007fefc490000 - 0x000007fefc4dd000 	C:\Program Files\Citrix\ICAService\PicaWtsHook64.dll
0x000000006e470000 - 0x000000006e542000 	C:\JDK Files\jdk1.8.0_111\jre\bin\msvcr100.dll
0x0000000066270000 - 0x0000000066b0a000 	C:\JDK Files\jdk1.8.0_111\jre\bin\server\jvm.dll
0x000007feed0f0000 - 0x000007feed0f9000 	C:\windows\system32\WSOCK32.dll
0x000007feff090000 - 0x000007feff0dd000 	C:\windows\system32\WS2_32.dll
0x000007feff0e0000 - 0x000007feff0e8000 	C:\windows\system32\NSI.dll
0x000007fef9b60000 - 0x000007fef9b9b000 	C:\windows\system32\WINMM.dll
0x000007fefb6c0000 - 0x000007fefb6cc000 	C:\windows\system32\VERSION.dll
0x0000000076fb0000 - 0x0000000076fb7000 	C:\windows\system32\PSAPI.DLL
0x0000000073030000 - 0x000000007303f000 	C:\JDK Files\jdk1.8.0_111\jre\bin\verify.dll
0x00000000716c0000 - 0x00000000716e9000 	C:\JDK Files\jdk1.8.0_111\jre\bin\java.dll
0x00000000716a0000 - 0x00000000716b6000 	C:\JDK Files\jdk1.8.0_111\jre\bin\zip.dll
0x000007fefccf0000 - 0x000007fefccff000 	C:\windows\system32\profapi.dll

VM Arguments:
jvm_args: -Dant.home=C:\Softwares\apache-ant-1.9.7 
java_command: org.apache.tools.ant.launch.Launcher -file build.xml test
java_class_path (initial): C:\Softwares\apache-ant-1.9.7\lib\ant-launcher.jar
Launcher Type: SUN_STANDARD

Environment Variables:
JAVA_HOME=C:\JDK Files\jdk1.8.0_111
PATH=C:\Program Files\Java\jdk1.8.0_111/bin;C:\ProgramData\Oracle\Java\javapath;C:\Program Files\Java\jre1.8.0_101\bin;C:\Program Files\Java\jre1.8.0_101\bin;%ANT_HOME%\bin;%JAVA_HOME%\bin;%ANT_HOME%\bin;%JAVA_HOME%\bin
USERNAME=xjpn1
OS=Windows_NT
PROCESSOR_IDENTIFIER=Intel64 Family 6 Model 45 Stepping 2, GenuineIntel



---------------  S Y S T E M  ---------------

OS: Windows 7 , 64 bit Build 7601 (6.1.7601.24214)

CPU:total 2 (1 cores per cpu, 1 threads per core) family 6 model 45 stepping 2, cmov, cx8, fxsr, mmx, sse, sse2, sse3, ssse3, sse4.1, sse4.2, popcnt, avx, aes, clmul, tsc, tscinvbit, tscinv

Memory: 4k page, physical 6291000k(306912k free), swap 12579532k(5872k free)

vm_info: Java HotSpot(TM) 64-Bit Server VM (25.111-b14) for windows-amd64 JRE (1.8.0_111-b14), built on Sep 22 2016 19:24:05 by "java_re" with MS VC++ 10.0 (VS2010)

time: Wed Jun 26 22:04:25 2019
elapsed time: 4 seconds (0d 0h 0m 4s)

